<?xml version="1.0" encoding="UTF-8"?>
<testsuites name="jest tests" tests="10" failures="0" errors="0" time="3.28">
  <testsuite name="Event Endpoints (e2e)" errors="0" failures="0" skipped="0" timestamp="2024-07-01T14:08:44" time="2.592" tests="7">
    <testcase classname="Event Endpoints (e2e) Should create an event (POST)" name="Event Endpoints (e2e) Should create an event (POST)" time="0.028">
    </testcase>
    <testcase classname="Event Endpoints (e2e) Should see open events (GET)" name="Event Endpoints (e2e) Should see open events (GET)" time="0.017">
    </testcase>
    <testcase classname="Event Endpoints (e2e) Should get details of a specific event (GET)" name="Event Endpoints (e2e) Should get details of a specific event (GET)" time="0.013">
    </testcase>
    <testcase classname="Event Endpoints (e2e) Should register for an event (POST)" name="Event Endpoints (e2e) Should register for an event (POST)" time="0.032">
    </testcase>
    <testcase classname="Event Endpoints (e2e) Should unregister from an event (POST)" name="Event Endpoints (e2e) Should unregister from an event (POST)" time="0.032">
    </testcase>
    <testcase classname="Event Endpoints (e2e) Should close an event (POST)" name="Event Endpoints (e2e) Should close an event (POST)" time="0.079">
    </testcase>
    <testcase classname="Event Endpoints (e2e) Should see open events from specific sport (GET)" name="Event Endpoints (e2e) Should see open events from specific sport (GET)" time="0.013">
    </testcase>
  </testsuite>
  <testsuite name="Authentication Endpoints (e2e)" errors="0" failures="0" skipped="0" timestamp="2024-07-01T14:08:44" time="3.149" tests="3">
    <testcase classname="Authentication Endpoints (e2e) Should register new user (POST)" name="Authentication Endpoints (e2e) Should register new user (POST)" time="0.625">
    </testcase>
    <testcase classname="Authentication Endpoints (e2e) Should signin user (POST)" name="Authentication Endpoints (e2e) Should signin user (POST)" time="0.403">
    </testcase>
    <testcase classname="Authentication Endpoints (e2e) Should get Hello (GET)" name="Authentication Endpoints (e2e) Should get Hello (GET)" time="0.234">
    </testcase>
  </testsuite>
</testsuites>